<?xml version="1.0" encoding="UTF-8"?>
<!-- Generated by org.testng.reporters.JUnitReportReporter -->
<testsuite skipped="0" hostname="user-PC" name="com.bankingproject.testcases.TC_AddCustomerTest_003" tests="1" failures="0" timestamp="04 May 2021 04:42:11 GMT" time="32.250" errors="0">
  <testcase name="addNewcustomer" time="32.250" classname="com.bankingproject.testcases.TC_AddCustomerTest_003"/>
</testsuite> <!-- com.bankingproject.testcases.TC_AddCustomerTest_003 -->
